Running in Lattice mode


Starting:    C:\ispLEVER_Classic2_1\synpbase\win64\mbin\synbatch.exe
Install:     C:\ispLEVER_Classic2_1\synpbase
Date:        Mon Nov 04 10:53:21 2024
Version:     I-2014.03LC 

Arguments:   -product synplify_pro  -batch d:/users/jdgar/desktop/a2024/l.ed2m6/pwm/frm3\pwm_generator.prj
ProductType: synplify_pro





log file: "D:\users\jdgar\desktop\a2024\l.ed2m6\pwm\frm3\pwm_generator.srr"

Running pwm_generator|frm3

Running: Compile on pwm_generator|frm3

Running: Compile Process on pwm_generator|frm3

Running: Compile Input on pwm_generator|frm3
Copied D:\users\jdgar\desktop\a2024\l.ed2m6\pwm\frm3\synwork\pwm_generator_comp.srs to D:\users\jdgar\desktop\a2024\l.ed2m6\pwm\frm3\pwm_generator.srs
compiler Completed
Return Code: 0
Run Time:0h:00m:01s

Running: Multi-srs Generator on pwm_generator|frm3
Copied D:\users\jdgar\desktop\a2024\l.ed2m6\pwm\frm3\synwork\pwm_generator_comp.srs to D:\users\jdgar\desktop\a2024\l.ed2m6\pwm\frm3\synwork\pwm_generator_s.srs
multi_srs_gen Completed
Return Code: 0
Run Time:0h:00m:01s
Copied D:\users\jdgar\desktop\a2024\l.ed2m6\pwm\frm3\synwork\pwm_generator_mult.srs to D:\users\jdgar\desktop\a2024\l.ed2m6\pwm\frm3\pwm_generator.srs
Copied D:\users\jdgar\desktop\a2024\l.ed2m6\pwm\frm3\pwm_generator.srr to D:\users\jdgar\desktop\a2024\l.ed2m6\pwm\frm3\pwm_generator.srf
Complete: Compile Process on pwm_generator|frm3
Complete: Compile on pwm_generator|frm3

Running: Map on pwm_generator|frm3

Running: Map & Optimize on pwm_generator|frm3
fpga_mapper Completed
Return Code: 0
Run Time:0h:00m:00s
Complete: Map on pwm_generator|frm3
Complete: Logic Synthesis on pwm_generator|frm3

exit status=0

exit status=0

